TN:
SF:/private/var/www/mejs/src/js/core/i18n.js
FN:21,(anonymous_3)
FN:49,(anonymous_4)
FN:70,_plural
FN:81,(anonymous_6)
FN:86,(anonymous_7)
FN:97,(anonymous_8)
FN:101,(anonymous_9)
FN:104,(anonymous_10)
FN:115,(anonymous_11)
FN:128,(anonymous_12)
FN:139,(anonymous_13)
FN:150,(anonymous_14)
FN:161,(anonymous_15)
FN:172,(anonymous_16)
FN:183,(anonymous_17)
FN:196,(anonymous_18)
FN:211,(anonymous_19)
FN:228,(anonymous_20)
FN:241,(anonymous_21)
FN:252,(anonymous_22)
FN:261,(anonymous_23)
FN:273,(anonymous_24)
FN:286,(anonymous_25)
FN:291,(anonymous_26)
FN:304,(anonymous_27)
FNF:25
FNH:5
FNDA:27,(anonymous_3)
FNDA:17,(anonymous_4)
FNDA:18,_plural
FNDA:4,(anonymous_6)
FNDA:0,(anonymous_7)
FNDA:4,(anonymous_8)
FNDA:0,(anonymous_9)
FNDA:0,(anonymous_10)
FNDA:0,(anonymous_11)
FNDA:0,(anonymous_12)
FNDA:0,(anonymous_13)
FNDA:0,(anonymous_14)
FNDA:0,(anonymous_15)
FNDA:0,(anonymous_16)
FNDA:0,(anonymous_17)
FNDA:0,(anonymous_18)
FNDA:0,(anonymous_19)
FNDA:0,(anonymous_20)
FNDA:0,(anonymous_21)
FNDA:0,(anonymous_22)
FNDA:0,(anonymous_23)
FNDA:0,(anonymous_24)
FNDA:0,(anonymous_25)
FNDA:0,(anonymous_26)
FNDA:0,(anonymous_27)
DA:3,1
DA:4,1
DA:5,1
DA:13,1
DA:21,27
DA:23,27
DA:25,10
DA:26,1
DA:29,9
DA:30,1
DA:33,8
DA:35,8
DA:36,8
DA:39,25
DA:49,17
DA:51,17
DA:54,16
DA:55,16
DA:58,16
DA:70,16
DA:72,18
DA:73,14
DA:81,4
DA:82,4
DA:86,0
DA:97,4
DA:101,0
DA:105,0
DA:106,0
DA:107,0
DA:108,0
DA:110,0
DA:116,0
DA:117,0
DA:118,0
DA:119,0
DA:120,0
DA:121,0
DA:123,0
DA:129,0
DA:130,0
DA:131,0
DA:132,0
DA:134,0
DA:140,0
DA:141,0
DA:142,0
DA:143,0
DA:145,0
DA:151,0
DA:152,0
DA:153,0
DA:154,0
DA:156,0
DA:162,0
DA:163,0
DA:164,0
DA:165,0
DA:167,0
DA:173,0
DA:174,0
DA:175,0
DA:176,0
DA:178,0
DA:184,0
DA:185,0
DA:186,0
DA:187,0
DA:188,0
DA:189,0
DA:191,0
DA:197,0
DA:198,0
DA:199,0
DA:200,0
DA:201,0
DA:202,0
DA:203,0
DA:204,0
DA:206,0
DA:212,0
DA:213,0
DA:214,0
DA:215,0
DA:216,0
DA:217,0
DA:218,0
DA:219,0
DA:220,0
DA:221,0
DA:223,0
DA:229,0
DA:230,0
DA:231,0
DA:232,0
DA:233,0
DA:234,0
DA:236,0
DA:242,0
DA:243,0
DA:244,0
DA:245,0
DA:247,0
DA:253,0
DA:262,0
DA:263,0
DA:264,0
DA:266,0
DA:268,0
DA:274,0
DA:275,0
DA:276,0
DA:277,0
DA:278,0
DA:279,0
DA:281,0
DA:287,0
DA:292,0
DA:293,0
DA:294,0
DA:295,0
DA:296,0
DA:297,0
DA:299,0
DA:305,0
DA:306,0
DA:307,0
DA:308,0
DA:310,0
DA:318,4
DA:322,16
DA:323,16
DA:324,16
DA:325,13
DA:326,13
DA:331,16
DA:332,6
DA:333,6
DA:334,5
DA:335,5
DA:342,16
DA:345,16
DA:346,13
DA:349,16
DA:353,1
DA:356,1
DA:359,1
DA:360,0
LF:148
LH:43
BRDA:23,0,0,10
BRDA:23,0,1,17
BRDA:23,1,0,27
BRDA:23,1,1,27
BRDA:23,1,2,27
BRDA:25,2,0,1
BRDA:25,2,1,9
BRDA:29,3,0,1
BRDA:29,3,1,8
BRDA:33,4,0,7
BRDA:33,4,1,1
BRDA:33,5,0,8
BRDA:33,5,1,8
BRDA:33,5,2,7
BRDA:36,6,0,5
BRDA:36,6,1,3
BRDA:49,7,0,13
BRDA:49,7,1,4
BRDA:49,8,0,17
BRDA:49,8,1,13
BRDA:51,9,0,16
BRDA:51,9,1,1
BRDA:51,10,0,17
BRDA:51,10,1,16
BRDA:72,11,0,14
BRDA:72,11,1,4
BRDA:72,12,0,18
BRDA:72,12,1,4
BRDA:72,12,2,4
BRDA:72,13,0,10
BRDA:72,13,1,8
BRDA:86,14,0,0
BRDA:86,14,1,0
BRDA:97,15,0,2
BRDA:97,15,1,4
BRDA:97,16,0,0
BRDA:97,16,1,4
BRDA:97,17,0,0
BRDA:97,17,1,2
BRDA:101,18,0,0
BRDA:101,18,1,0
BRDA:101,19,0,0
BRDA:101,19,1,0
BRDA:101,20,0,0
BRDA:101,20,1,0
BRDA:101,21,0,0
BRDA:101,21,1,0
BRDA:101,22,0,0
BRDA:101,22,1,0
BRDA:105,23,0,0
BRDA:105,23,1,0
BRDA:105,24,0,0
BRDA:105,24,1,0
BRDA:105,25,0,0
BRDA:105,25,1,0
BRDA:105,26,0,0
BRDA:105,26,1,0
BRDA:106,27,0,0
BRDA:106,27,1,0
BRDA:107,28,0,0
BRDA:107,28,1,0
BRDA:107,29,0,0
BRDA:107,29,1,0
BRDA:108,30,0,0
BRDA:108,30,1,0
BRDA:110,31,0,0
BRDA:110,31,1,0
BRDA:116,32,0,0
BRDA:116,32,1,0
BRDA:116,33,0,0
BRDA:116,33,1,0
BRDA:116,34,0,0
BRDA:116,34,1,0
BRDA:116,35,0,0
BRDA:116,35,1,0
BRDA:117,36,0,0
BRDA:117,36,1,0
BRDA:118,37,0,0
BRDA:118,37,1,0
BRDA:118,38,0,0
BRDA:118,38,1,0
BRDA:118,39,0,0
BRDA:118,39,1,0
BRDA:118,40,0,0
BRDA:118,40,1,0
BRDA:119,41,0,0
BRDA:119,41,1,0
BRDA:120,42,0,0
BRDA:120,42,1,0
BRDA:120,43,0,0
BRDA:120,43,1,0
BRDA:120,44,0,0
BRDA:120,44,1,0
BRDA:120,45,0,0
BRDA:120,45,1,0
BRDA:121,46,0,0
BRDA:121,46,1,0
BRDA:123,47,0,0
BRDA:123,47,1,0
BRDA:129,48,0,0
BRDA:129,48,1,0
BRDA:129,49,0,0
BRDA:129,49,1,0
BRDA:130,50,0,0
BRDA:130,50,1,0
BRDA:131,51,0,0
BRDA:131,51,1,0
BRDA:131,52,0,0
BRDA:131,52,1,0
BRDA:131,52,2,0
BRDA:131,53,0,0
BRDA:131,53,1,0
BRDA:131,54,0,0
BRDA:131,54,1,0
BRDA:131,55,0,0
BRDA:131,55,1,0
BRDA:132,56,0,0
BRDA:132,56,1,0
BRDA:134,57,0,0
BRDA:134,57,1,0
BRDA:140,58,0,0
BRDA:140,58,1,0
BRDA:140,59,0,0
BRDA:140,59,1,0
BRDA:140,60,0,0
BRDA:140,60,1,0
BRDA:140,61,0,0
BRDA:140,61,1,0
BRDA:141,62,0,0
BRDA:141,62,1,0
BRDA:142,63,0,0
BRDA:142,63,1,0
BRDA:142,64,0,0
BRDA:142,64,1,0
BRDA:142,64,2,0
BRDA:142,65,0,0
BRDA:142,65,1,0
BRDA:142,66,0,0
BRDA:142,66,1,0
BRDA:142,67,0,0
BRDA:142,67,1,0
BRDA:143,68,0,0
BRDA:143,68,1,0
BRDA:151,69,0,0
BRDA:151,69,1,0
BRDA:151,70,0,0
BRDA:151,70,1,0
BRDA:151,71,0,0
BRDA:151,71,1,0
BRDA:151,72,0,0
BRDA:151,72,1,0
BRDA:152,73,0,0
BRDA:152,73,1,0
BRDA:153,74,0,0
BRDA:153,74,1,0
BRDA:153,75,0,0
BRDA:153,75,1,0
BRDA:153,75,2,0
BRDA:153,75,3,0
BRDA:153,76,0,0
BRDA:153,76,1,0
BRDA:153,77,0,0
BRDA:153,77,1,0
BRDA:153,78,0,0
BRDA:153,78,1,0
BRDA:153,79,0,0
BRDA:153,79,1,0
BRDA:154,80,0,0
BRDA:154,80,1,0
BRDA:156,81,0,0
BRDA:156,81,1,0
BRDA:162,82,0,0
BRDA:162,82,1,0
BRDA:162,83,0,0
BRDA:162,83,1,0
BRDA:163,84,0,0
BRDA:163,84,1,0
BRDA:164,85,0,0
BRDA:164,85,1,0
BRDA:164,86,0,0
BRDA:164,86,1,0
BRDA:164,87,0,0
BRDA:164,87,1,0
BRDA:164,88,0,0
BRDA:164,88,1,0
BRDA:165,89,0,0
BRDA:165,89,1,0
BRDA:167,90,0,0
BRDA:167,90,1,0
BRDA:173,91,0,0
BRDA:173,91,1,0
BRDA:173,92,0,0
BRDA:173,92,1,0
BRDA:174,93,0,0
BRDA:174,93,1,0
BRDA:175,94,0,0
BRDA:175,94,1,0
BRDA:175,95,0,0
BRDA:175,95,1,0
BRDA:175,95,2,0
BRDA:175,95,3,0
BRDA:175,96,0,0
BRDA:175,96,1,0
BRDA:175,97,0,0
BRDA:175,97,1,0
BRDA:175,98,0,0
BRDA:175,98,1,0
BRDA:175,99,0,0
BRDA:175,99,1,0
BRDA:176,100,0,0
BRDA:176,100,1,0
BRDA:178,101,0,0
BRDA:178,101,1,0
BRDA:184,102,0,0
BRDA:184,102,1,0
BRDA:184,103,0,0
BRDA:184,103,1,0
BRDA:185,104,0,0
BRDA:185,104,1,0
BRDA:186,105,0,0
BRDA:186,105,1,0
BRDA:186,106,0,0
BRDA:186,106,1,0
BRDA:187,107,0,0
BRDA:187,107,1,0
BRDA:188,108,0,0
BRDA:188,108,1,0
BRDA:188,109,0,0
BRDA:188,109,1,0
BRDA:188,110,0,0
BRDA:188,110,1,0
BRDA:188,111,0,0
BRDA:188,111,1,0
BRDA:189,112,0,0
BRDA:189,112,1,0
BRDA:191,113,0,0
BRDA:191,113,1,0
BRDA:197,114,0,0
BRDA:197,114,1,0
BRDA:197,115,0,0
BRDA:197,115,1,0
BRDA:198,116,0,0
BRDA:198,116,1,0
BRDA:199,117,0,0
BRDA:199,117,1,0
BRDA:199,118,0,0
BRDA:199,118,1,0
BRDA:200,119,0,0
BRDA:200,119,1,0
BRDA:201,120,0,0
BRDA:201,120,1,0
BRDA:201,121,0,0
BRDA:201,121,1,0
BRDA:201,122,0,0
BRDA:201,122,1,0
BRDA:201,123,0,0
BRDA:201,123,1,0
BRDA:202,124,0,0
BRDA:202,124,1,0
BRDA:203,125,0,0
BRDA:203,125,1,0
BRDA:203,126,0,0
BRDA:203,126,1,0
BRDA:203,127,0,0
BRDA:203,127,1,0
BRDA:203,128,0,0
BRDA:203,128,1,0
BRDA:204,129,0,0
BRDA:204,129,1,0
BRDA:206,130,0,0
BRDA:206,130,1,0
BRDA:212,131,0,0
BRDA:212,131,1,0
BRDA:212,132,0,0
BRDA:212,132,1,0
BRDA:213,133,0,0
BRDA:213,133,1,0
BRDA:214,134,0,0
BRDA:214,134,1,0
BRDA:214,135,0,0
BRDA:214,135,1,0
BRDA:215,136,0,0
BRDA:215,136,1,0
BRDA:216,137,0,0
BRDA:216,137,1,0
BRDA:216,138,0,0
BRDA:216,138,1,0
BRDA:217,139,0,0
BRDA:217,139,1,0
BRDA:218,140,0,0
BRDA:218,140,1,0
BRDA:218,141,0,0
BRDA:218,141,1,0
BRDA:218,142,0,0
BRDA:218,142,1,0
BRDA:218,143,0,0
BRDA:218,143,1,0
BRDA:219,144,0,0
BRDA:219,144,1,0
BRDA:220,145,0,0
BRDA:220,145,1,0
BRDA:220,146,0,0
BRDA:220,146,1,0
BRDA:221,147,0,0
BRDA:221,147,1,0
BRDA:223,148,0,0
BRDA:223,148,1,0
BRDA:229,149,0,0
BRDA:229,149,1,0
BRDA:229,150,0,0
BRDA:229,150,1,0
BRDA:230,151,0,0
BRDA:230,151,1,0
BRDA:231,152,0,0
BRDA:231,152,1,0
BRDA:231,153,0,0
BRDA:231,153,1,0
BRDA:231,153,2,0
BRDA:231,154,0,0
BRDA:231,154,1,0
BRDA:231,155,0,0
BRDA:231,155,1,0
BRDA:231,156,0,0
BRDA:231,156,1,0
BRDA:232,157,0,0
BRDA:232,157,1,0
BRDA:233,158,0,0
BRDA:233,158,1,0
BRDA:233,159,0,0
BRDA:233,159,1,0
BRDA:233,160,0,0
BRDA:233,160,1,0
BRDA:233,161,0,0
BRDA:233,161,1,0
BRDA:234,162,0,0
BRDA:234,162,1,0
BRDA:236,163,0,0
BRDA:236,163,1,0
BRDA:242,164,0,0
BRDA:242,164,1,0
BRDA:242,165,0,0
BRDA:242,165,1,0
BRDA:243,166,0,0
BRDA:243,166,1,0
BRDA:244,167,0,0
BRDA:244,167,1,0
BRDA:244,168,0,0
BRDA:244,168,1,0
BRDA:245,169,0,0
BRDA:245,169,1,0
BRDA:247,170,0,0
BRDA:247,170,1,0
BRDA:253,171,0,0
BRDA:253,171,1,0
BRDA:253,172,0,0
BRDA:253,172,1,0
BRDA:253,173,0,0
BRDA:253,173,1,0
BRDA:253,174,0,0
BRDA:253,174,1,0
BRDA:253,175,0,0
BRDA:253,175,1,0
BRDA:262,176,0,0
BRDA:262,176,1,0
BRDA:262,177,0,0
BRDA:262,177,1,0
BRDA:263,178,0,0
BRDA:263,178,1,0
BRDA:264,179,0,0
BRDA:264,179,1,0
BRDA:264,180,0,0
BRDA:264,180,1,0
BRDA:264,180,2,0
BRDA:264,180,3,0
BRDA:264,181,0,0
BRDA:264,181,1,0
BRDA:264,182,0,0
BRDA:264,182,1,0
BRDA:264,183,0,0
BRDA:264,183,1,0
BRDA:265,184,0,0
BRDA:265,184,1,0
BRDA:266,185,0,0
BRDA:266,185,1,0
BRDA:268,186,0,0
BRDA:268,186,1,0
BRDA:274,187,0,0
BRDA:274,187,1,0
BRDA:274,188,0,0
BRDA:274,188,1,0
BRDA:275,189,0,0
BRDA:275,189,1,0
BRDA:276,190,0,0
BRDA:276,190,1,0
BRDA:276,191,0,0
BRDA:276,191,1,0
BRDA:277,192,0,0
BRDA:277,192,1,0
BRDA:278,193,0,0
BRDA:278,193,1,0
BRDA:278,194,0,0
BRDA:278,194,1,0
BRDA:278,195,0,0
BRDA:278,195,1,0
BRDA:278,196,0,0
BRDA:278,196,1,0
BRDA:279,197,0,0
BRDA:279,197,1,0
BRDA:281,198,0,0
BRDA:281,198,1,0
BRDA:287,199,0,0
BRDA:287,199,1,0
BRDA:287,200,0,0
BRDA:287,200,1,0
BRDA:287,201,0,0
BRDA:287,201,1,0
BRDA:292,202,0,0
BRDA:292,202,1,0
BRDA:292,203,0,0
BRDA:292,203,1,0
BRDA:293,204,0,0
BRDA:293,204,1,0
BRDA:294,205,0,0
BRDA:294,205,1,0
BRDA:294,206,0,0
BRDA:294,206,1,0
BRDA:295,207,0,0
BRDA:295,207,1,0
BRDA:296,208,0,0
BRDA:296,208,1,0
BRDA:296,209,0,0
BRDA:296,209,1,0
BRDA:297,210,0,0
BRDA:297,210,1,0
BRDA:299,211,0,0
BRDA:299,211,1,0
BRDA:305,212,0,0
BRDA:305,212,1,0
BRDA:305,213,0,0
BRDA:305,213,1,0
BRDA:306,214,0,0
BRDA:306,214,1,0
BRDA:307,215,0,0
BRDA:307,215,1,0
BRDA:307,216,0,0
BRDA:307,216,1,0
BRDA:308,217,0,0
BRDA:308,217,1,0
BRDA:310,218,0,0
BRDA:310,218,1,0
BRDA:322,219,0,16
BRDA:322,219,1,0
BRDA:324,220,0,13
BRDA:324,220,1,3
BRDA:324,221,0,16
BRDA:324,221,1,13
BRDA:331,222,0,6
BRDA:331,222,1,10
BRDA:331,223,0,16
BRDA:331,223,1,6
BRDA:333,224,0,5
BRDA:333,224,1,1
BRDA:333,225,0,6
BRDA:333,225,1,5
BRDA:342,226,0,16
BRDA:342,226,1,6
BRDA:345,227,0,13
BRDA:345,227,1,3
BRDA:345,228,0,16
BRDA:345,228,1,13
BRDA:359,229,0,0
BRDA:359,229,1,1
BRF:472
BRH:55
end_of_record
TN:
SF:/private/var/www/mejs/src/js/core/mejs.js
FNF:0
FNH:0
DA:3,1
DA:6,1
DA:9,1
DA:12,1
DA:50,1
LF:5
LH:5
BRF:0
BRH:0
end_of_record
TN:
SF:/private/var/www/mejs/src/js/core/renderer.js
FN:10,Renderer
FNF:1
FNH:1
FNDA:1,Renderer
DA:10,1
DA:11,1
DA:12,1
DA:23,6
DA:24,1
DA:27,5
DA:28,5
DA:39,28
DA:41,4
DA:43,15
DA:45,15
DA:47,42
DA:49,10
DA:50,10
DA:52,2
DA:61,2
DA:68,3
DA:69,1
DA:72,2
DA:77,4
DA:78,1
DA:81,3
DA:85,22
DA:89,9
DA:93,1
LF:25
LH:25
BRDA:23,0,0,1
BRDA:23,0,1,5
BRDA:39,1,0,2
BRDA:39,1,1,2
BRDA:39,2,0,4
BRDA:39,2,1,2
BRDA:41,3,0,2
BRDA:41,3,1,2
BRDA:47,4,0,6
BRDA:47,4,1,9
BRDA:47,5,0,15
BRDA:47,5,1,15
BRDA:50,6,0,2
BRDA:50,6,1,8
BRDA:50,7,0,10
BRDA:50,7,1,10
BRDA:50,7,2,10
BRDA:47,8,0,6
BRDA:47,8,1,14
BRDA:39,9,0,4
BRDA:39,9,1,10
BRDA:68,10,0,1
BRDA:68,10,1,2
BRDA:77,11,0,1
BRDA:77,11,1,3
BRDA:77,12,0,4
BRDA:77,12,1,4
BRDA:77,13,0,0
BRDA:77,13,1,4
BRF:29
BRH:28
end_of_record
TN:
SF:/private/var/www/mejs/src/js/languages/en.js
FNF:0
FNH:0
DA:18,1
LF:1
LH:1
BRF:0
BRH:0
end_of_record
TN:
SF:/private/var/www/mejs/src/js/languages/es.js
FNF:0
FNH:0
DA:17,1
LF:1
LH:1
BRF:0
BRH:0
end_of_record
TN:
SF:/private/var/www/mejs/src/js/languages/ko.js
FNF:0
FNH:0
DA:18,1
LF:1
LH:1
BRF:0
BRH:0
end_of_record
TN:
SF:/private/var/www/mejs/src/js/utils/general.js
FN:10,addProperty
FN:15,getFn
FN:16,setFn
FN:42,escapeHTML
FN:55,(anonymous_5)
FN:61,debounce
FN:72,(anonymous_7)
FN:74,later
FN:97,isObjectEmpty
FN:101,splitEvents
FN:105,(anonymous_11)
FN:129,(anonymous_12)
FNF:12
FNH:5
FNDA:0,addProperty
FNDA:0,getFn
FNDA:0,setFn
FNDA:18,escapeHTML
FNDA:14,(anonymous_5)
FNDA:3,debounce
FNDA:1,(anonymous_7)
FNDA:0,later
FNDA:10,isObjectEmpty
FNDA:0,splitEvents
FNDA:0,(anonymous_11)
FNDA:0,(anonymous_12)
DA:1,1
DA:13,0
DA:15,0
DA:16,0
DA:17,0
DA:18,0
DA:22,0
DA:24,0
DA:30,0
DA:32,0
DA:33,0
DA:44,18
DA:45,1
DA:48,17
DA:55,17
DA:56,14
DA:61,6
DA:63,3
DA:64,1
DA:67,2
DA:68,1
DA:71,1
DA:72,1
DA:73,1
DA:74,1
DA:75,0
DA:76,0
DA:77,0
DA:80,1
DA:81,1
DA:82,1
DA:84,1
DA:85,1
DA:98,10
DA:102,0
DA:104,0
DA:105,0
DA:106,0
DA:107,0
DA:108,0
DA:109,0
DA:112,0
DA:117,0
DA:118,0
DA:119,0
DA:129,1
DA:131,0
DA:132,0
DA:134,0
DA:135,0
DA:137,0
DA:138,0
DA:142,0
DA:143,0
DA:144,0
DA:145,0
DA:146,0
DA:149,0
DA:150,0
DA:151,0
DA:152,0
DA:153,0
DA:154,0
DA:159,0
LF:64
LH:22
BRDA:22,0,0,0
BRDA:22,0,1,0
BRDA:30,1,0,0
BRDA:30,1,1,0
BRDA:44,2,0,1
BRDA:44,2,1,17
BRDA:61,3,0,1
BRDA:61,3,1,2
BRDA:61,4,0,3
BRDA:61,4,1,1
BRDA:63,5,0,1
BRDA:63,5,1,2
BRDA:67,6,0,1
BRDA:67,6,1,1
BRDA:76,7,0,0
BRDA:76,7,1,0
BRDA:80,8,0,1
BRDA:80,8,1,1
BRDA:84,9,0,1
BRDA:84,9,1,0
BRDA:105,10,0,0
BRDA:105,10,1,0
BRDA:107,11,0,0
BRDA:107,11,1,0
BRDA:112,12,0,0
BRDA:112,12,1,0
BRDA:131,13,0,0
BRDA:131,13,1,0
BRDA:131,14,0,0
BRDA:131,14,1,0
BRDA:134,15,0,0
BRDA:134,15,1,0
BRDA:134,16,0,0
BRDA:134,16,1,0
BRDA:137,17,0,0
BRDA:137,17,1,0
BRDA:137,18,0,0
BRDA:137,18,1,0
BRDA:150,19,0,0
BRDA:150,19,1,0
BRDA:152,20,0,0
BRDA:152,20,1,0
BRF:42
BRH:13
end_of_record
TN:
SF:/private/var/www/mejs/src/js/utils/media.js
FN:10,absolutizeUrl
FN:28,formatType
FN:40,getMimeFromType
FN:55,getTypeFromFile
FN:100,getExtension
FN:117,normalizeExtension
FNF:6
FNH:5
FNDA:0,absolutizeUrl
FNDA:2,formatType
FNDA:4,getMimeFromType
FNDA:4,getTypeFromFile
FNDA:8,getExtension
FNDA:10,normalizeExtension
DA:1,1
DA:3,1
DA:12,0
DA:13,0
DA:16,0
DA:17,0
DA:18,0
DA:28,2
DA:29,2
DA:42,4
DA:43,1
DA:46,3
DA:55,21
DA:57,4
DA:58,1
DA:61,3
DA:64,3
DA:65,0
DA:68,3
DA:69,0
DA:70,0
DA:71,0
DA:77,3
DA:78,0
DA:80,0
DA:81,0
DA:87,3
DA:88,3
DA:91,3
DA:102,8
DA:103,1
DA:106,7
DA:108,7
DA:119,10
DA:120,1
DA:123,9
DA:126,3
DA:130,2
DA:134,2
DA:136,2
LF:40
LH:28
BRDA:12,0,0,0
BRDA:12,0,1,0
BRDA:28,1,0,1
BRDA:28,1,1,1
BRDA:28,2,0,2
BRDA:28,2,1,1
BRDA:29,3,0,1
BRDA:29,3,1,1
BRDA:29,4,0,2
BRDA:29,4,1,2
BRDA:42,5,0,1
BRDA:42,5,1,3
BRDA:46,6,0,2
BRDA:46,6,1,1
BRDA:46,7,0,3
BRDA:46,7,1,3
BRDA:57,8,0,1
BRDA:57,8,1,3
BRDA:64,9,0,0
BRDA:64,9,1,3
BRDA:68,10,0,0
BRDA:68,10,1,3
BRDA:70,11,0,0
BRDA:70,11,1,0
BRDA:68,12,0,0
BRDA:68,12,1,0
BRDA:80,13,0,0
BRDA:80,13,1,0
BRDA:80,14,0,0
BRDA:80,14,1,0
BRDA:55,15,0,3
BRDA:55,15,1,6
BRDA:91,16,0,2
BRDA:91,16,1,1
BRDA:102,17,0,1
BRDA:102,17,1,7
BRDA:108,18,0,6
BRDA:108,18,1,1
BRDA:119,19,0,1
BRDA:119,19,1,9
BRDA:124,20,0,2
BRDA:124,20,1,3
BRDA:124,20,2,1
BRDA:124,20,3,2
BRDA:124,20,4,2
BRDA:124,20,5,1
BRDA:124,20,6,2
BRDA:124,20,7,2
BRDA:124,20,8,2
BRF:49
BRH:37
end_of_record
TN:
SF:/private/var/www/mejs/src/js/utils/time.js
FN:10,secondsToTimeCode
FN:35,timeCodeToSeconds
FN:86,calculateTimeFormat
FN:146,convertSMPTEtoSeconds
FNF:4
FNH:4
FNDA:13,secondsToTimeCode
FNDA:9,timeCodeToSeconds
FNDA:4,calculateTimeFormat
FNDA:2,convertSMPTEtoSeconds
DA:10,39
DA:12,13
DA:14,13
DA:15,13
DA:16,13
DA:17,13
DA:19,13
DA:20,13
DA:21,13
DA:22,13
DA:24,13
DA:35,18
DA:37,9
DA:38,1
DA:41,8
DA:42,1
DA:46,7
DA:47,7
DA:48,7
DA:49,7
DA:50,7
DA:51,7
DA:54,7
DA:57,1
DA:58,1
DA:60,2
DA:61,2
DA:62,2
DA:65,4
DA:66,4
DA:67,4
DA:68,4
DA:69,4
DA:73,7
DA:74,7
DA:86,4
DA:88,4
DA:91,4
DA:92,4
DA:93,3
DA:94,3
DA:95,3
DA:96,3
DA:97,3
DA:98,3
DA:99,3
DA:100,3
DA:101,3
DA:109,3
DA:110,12
DA:111,6
DA:113,6
DA:114,3
DA:115,3
DA:116,3
DA:117,1
DA:118,1
DA:122,3
DA:123,2
DA:126,1
DA:127,0
DA:129,1
DA:130,1
DA:131,1
DA:133,1
DA:137,3
DA:148,2
DA:149,1
DA:152,1
DA:155,1
DA:156,1
DA:157,1
DA:160,1
DA:162,1
DA:163,2
DA:164,2
DA:165,1
DA:167,2
DA:169,1
LF:79
LH:78
BRDA:10,0,0,6
BRDA:10,0,1,7
BRDA:10,1,0,13
BRDA:10,1,1,6
BRDA:10,2,0,3
BRDA:10,2,1,10
BRDA:10,3,0,13
BRDA:10,3,1,3
BRDA:10,4,0,2
BRDA:10,4,1,11
BRDA:10,5,0,13
BRDA:10,5,1,2
BRDA:12,6,0,3
BRDA:12,6,1,10
BRDA:12,7,0,13
BRDA:12,7,1,12
BRDA:12,7,2,10
BRDA:19,8,0,7
BRDA:19,8,1,6
BRDA:19,9,0,13
BRDA:19,9,1,8
BRDA:19,10,0,7
BRDA:19,10,1,0
BRDA:20,11,0,13
BRDA:20,11,1,0
BRDA:21,12,0,7
BRDA:21,12,1,6
BRDA:22,13,0,3
BRDA:22,13,1,10
BRDA:22,14,0,1
BRDA:22,14,1,2
BRDA:35,15,0,3
BRDA:35,15,1,6
BRDA:35,16,0,9
BRDA:35,16,1,3
BRDA:35,17,0,2
BRDA:35,17,1,7
BRDA:35,18,0,9
BRDA:35,18,1,2
BRDA:37,19,0,1
BRDA:37,19,1,8
BRDA:41,20,0,1
BRDA:41,20,1,7
BRDA:55,21,0,0
BRDA:55,21,1,1
BRDA:55,21,2,2
BRDA:55,21,3,1
BRDA:55,21,4,4
BRDA:68,22,0,3
BRDA:68,22,1,1
BRDA:86,23,0,1
BRDA:86,23,1,3
BRDA:86,24,0,4
BRDA:86,24,1,1
BRDA:88,25,0,1
BRDA:88,25,1,3
BRDA:88,26,0,4
BRDA:88,26,1,4
BRDA:88,26,2,3
BRDA:95,27,0,3
BRDA:95,27,1,0
BRDA:96,28,0,0
BRDA:96,28,1,3
BRDA:110,29,0,6
BRDA:110,29,1,6
BRDA:113,30,0,3
BRDA:113,30,1,3
BRDA:116,31,0,1
BRDA:116,31,1,2
BRDA:122,32,0,2
BRDA:122,32,1,1
BRDA:126,33,0,0
BRDA:126,33,1,1
BRDA:130,34,0,1
BRDA:130,34,1,0
BRDA:148,35,0,1
BRDA:148,35,1,1
BRDA:156,36,0,1
BRDA:156,36,1,0
BRDA:164,37,0,1
BRDA:164,37,1,1
BRF:81
BRH:73
end_of_record
